{"C:\\Users\\User\\Desktop\\nanodashboard\\api\\src\\binance\\binance.service.ts": {"path":"C:\\Users\\User\\Desktop\\nanodashboard\\api\\src\\binance\\binance.service.ts","statementMap":{"0":{"start":{"line":1,"column":0},"end":{"line":1,"column":null}},"1":{"start":{"line":7,"column":0},"end":{"line":7,"column":44}},"2":{"start":{"line":8,"column":0},"end":{"line":8,"column":47}},"3":{"start":{"line":9,"column":0},"end":{"line":9,"column":56}},"4":{"start":{"line":11,"column":0},"end":{"line":11,"column":38}},"5":{"start":{"line":13,"column":0},"end":{"line":13,"column":54}},"6":{"start":{"line":14,"column":0},"end":{"line":14,"column":27}},"7":{"start":{"line":49,"column":35},"end":{"line":49,"column":39}},"8":{"start":{"line":50,"column":29},"end":{"line":50,"column":30}},"9":{"start":{"line":51,"column":40},"end":{"line":51,"column":42}},"10":{"start":{"line":52,"column":46},"end":{"line":52,"column":50}},"11":{"start":{"line":53,"column":45},"end":{"line":53,"column":50}},"12":{"start":{"line":54,"column":36},"end":{"line":54,"column":70}},"13":{"start":{"line":56,"column":36},"end":{"line":56,"column":65}},"14":{"start":{"line":57,"column":40},"end":{"line":57,"column":64}},"15":{"start":{"line":59,"column":32},"end":{"line":64,"column":2}},"16":{"start":{"line":68,"column":4},"end":{"line":68,"column":19}},"17":{"start":{"line":66,"column":0},"end":{"line":66,"column":13}},"18":{"start":{"line":73,"column":27},"end":{"line":534,"column":null}},"19":{"start":{"line":76,"column":28},"end":{"line":76,"column":59}},"20":{"start":{"line":77,"column":35},"end":{"line":77,"column":null}},"21":{"start":{"line":85,"column":36},"end":{"line":85,"column":53}},"22":{"start":{"line":88,"column":21},"end":{"line":88,"column":34}},"23":{"start":{"line":89,"column":21},"end":{"line":89,"column":36}},"24":{"start":{"line":90,"column":21},"end":{"line":90,"column":35}},"25":{"start":{"line":93,"column":4},"end":{"line":93,"column":77}},"26":{"start":{"line":94,"column":4},"end":{"line":96,"column":34}},"27":{"start":{"line":100,"column":4},"end":{"line":109,"column":7}},"28":{"start":{"line":101,"column":6},"end":{"line":103,"column":7}},"29":{"start":{"line":102,"column":8},"end":{"line":102,"column":43}},"30":{"start":{"line":105,"column":6},"end":{"line":108,"column":7}},"31":{"start":{"line":106,"column":8},"end":{"line":106,"column":42}},"32":{"start":{"line":107,"column":8},"end":{"line":107,"column":29}},"33":{"start":{"line":111,"column":4},"end":{"line":111,"column":31}},"34":{"start":{"line":115,"column":29},"end":{"line":115,"column":49}},"35":{"start":{"line":116,"column":21},"end":{"line":116,"column":60}},"36":{"start":{"line":118,"column":4},"end":{"line":166,"column":5}},"37":{"start":{"line":119,"column":26},"end":{"line":119,"column":63}},"38":{"start":{"line":121,"column":6},"end":{"line":129,"column":7}},"39":{"start":{"line":122,"column":23},"end":{"line":122,"column":79}},"40":{"start":{"line":123,"column":8},"end":{"line":128,"column":9}},"41":{"start":{"line":124,"column":10},"end":{"line":127,"column":12}},"42":{"start":{"line":131,"column":22},"end":{"line":135,"column":null}},"43":{"start":{"line":138,"column":30},"end":{"line":143,"column":8}},"44":{"start":{"line":145,"column":6},"end":{"line":149,"column":8}},"45":{"start":{"line":151,"column":6},"end":{"line":151,"column":18}},"46":{"start":{"line":153,"column":6},"end":{"line":157,"column":8}},"47":{"start":{"line":159,"column":6},"end":{"line":165,"column":8}},"48":{"start":{"line":170,"column":29},"end":{"line":170,"column":49}},"49":{"start":{"line":172,"column":4},"end":{"line":174,"column":5}},"50":{"start":{"line":173,"column":6},"end":{"line":173,"column":13}},"51":{"start":{"line":176,"column":4},"end":{"line":176,"column":46}},"52":{"start":{"line":177,"column":4},"end":{"line":181,"column":7}},"53":{"start":{"line":183,"column":4},"end":{"line":183,"column":43}},"54":{"start":{"line":188,"column":20},"end":{"line":188,"column":51}},"55":{"start":{"line":190,"column":4},"end":{"line":200,"column":6}},"56":{"start":{"line":192,"column":22},"end":{"line":192,"column":49}},"57":{"start":{"line":194,"column":8},"end":{"line":198,"column":9}},"58":{"start":{"line":195,"column":10},"end":{"line":197,"column":12}},"59":{"start":{"line":204,"column":29},"end":{"line":204,"column":49}},"60":{"start":{"line":206,"column":4},"end":{"line":234,"column":5}},"61":{"start":{"line":207,"column":22},"end":{"line":211,"column":null}},"62":{"start":{"line":214,"column":6},"end":{"line":214,"column":57}},"63":{"start":{"line":216,"column":6},"end":{"line":220,"column":8}},"64":{"start":{"line":222,"column":6},"end":{"line":233,"column":8}},"65":{"start":{"line":242,"column":29},"end":{"line":242,"column":49}},"66":{"start":{"line":244,"column":6},"end":{"line":244,"column":65}},"67":{"start":{"line":246,"column":4},"end":{"line":265,"column":5}},"68":{"start":{"line":247,"column":6},"end":{"line":256,"column":8}},"69":{"start":{"line":258,"column":6},"end":{"line":262,"column":8}},"70":{"start":{"line":264,"column":6},"end":{"line":264,"column":16}},"71":{"start":{"line":269,"column":18},"end":{"line":269,"column":48}},"72":{"start":{"line":270,"column":4},"end":{"line":272,"column":5}},"73":{"start":{"line":271,"column":6},"end":{"line":271,"column":13}},"74":{"start":{"line":274,"column":18},"end":{"line":274,"column":87}},"75":{"start":{"line":275,"column":4},"end":{"line":275,"column":68}},"76":{"start":{"line":277,"column":4},"end":{"line":317,"column":5}},"77":{"start":{"line":278,"column":21},"end":{"line":278,"column":41}},"78":{"start":{"line":279,"column":6},"end":{"line":279,"column":28}},"79":{"start":{"line":281,"column":6},"end":{"line":284,"column":9}},"80":{"start":{"line":282,"column":8},"end":{"line":282,"column":29}},"81":{"start":{"line":283,"column":8},"end":{"line":283,"column":75}},"82":{"start":{"line":286,"column":6},"end":{"line":288,"column":9}},"83":{"start":{"line":287,"column":8},"end":{"line":287,"column":60}},"84":{"start":{"line":290,"column":6},"end":{"line":294,"column":9}},"85":{"start":{"line":291,"column":8},"end":{"line":293,"column":10}},"86":{"start":{"line":296,"column":6},"end":{"line":309,"column":9}},"87":{"start":{"line":298,"column":10},"end":{"line":302,"column":18}},"88":{"start":{"line":304,"column":8},"end":{"line":306,"column":10}},"89":{"start":{"line":308,"column":8},"end":{"line":308,"column":39}},"90":{"start":{"line":311,"column":6},"end":{"line":315,"column":8}},"91":{"start":{"line":316,"column":6},"end":{"line":316,"column":37}},"92":{"start":{"line":324,"column":4},"end":{"line":347,"column":5}},"93":{"start":{"line":325,"column":22},"end":{"line":325,"column":null}},"94":{"start":{"line":329,"column":30},"end":{"line":334,"column":8}},"95":{"start":{"line":336,"column":6},"end":{"line":340,"column":8}},"96":{"start":{"line":342,"column":6},"end":{"line":346,"column":8}},"97":{"start":{"line":351,"column":18},"end":{"line":351,"column":48}},"98":{"start":{"line":353,"column":4},"end":{"line":355,"column":5}},"99":{"start":{"line":354,"column":6},"end":{"line":354,"column":13}},"100":{"start":{"line":357,"column":4},"end":{"line":359,"column":5}},"101":{"start":{"line":358,"column":6},"end":{"line":358,"column":41}},"102":{"start":{"line":361,"column":4},"end":{"line":361,"column":26}},"103":{"start":{"line":362,"column":20},"end":{"line":364,"column":null}},"104":{"start":{"line":367,"column":4},"end":{"line":369,"column":6}},"105":{"start":{"line":371,"column":4},"end":{"line":374,"column":16}},"106":{"start":{"line":372,"column":6},"end":{"line":372,"column":34}},"107":{"start":{"line":373,"column":6},"end":{"line":373,"column":35}},"108":{"start":{"line":378,"column":4},"end":{"line":378,"column":37}},"109":{"start":{"line":385,"column":4},"end":{"line":410,"column":5}},"110":{"start":{"line":386,"column":21},"end":{"line":386,"column":60}},"111":{"start":{"line":388,"column":6},"end":{"line":390,"column":7}},"112":{"start":{"line":389,"column":8},"end":{"line":389,"column":20}},"113":{"start":{"line":392,"column":6},"end":{"line":407,"column":8}},"114":{"start":{"line":409,"column":6},"end":{"line":409,"column":18}},"115":{"start":{"line":417,"column":4},"end":{"line":427,"column":6}},"116":{"start":{"line":438,"column":4},"end":{"line":466,"column":5}},"117":{"start":{"line":438,"column":23},"end":{"line":438,"column":24}},"118":{"start":{"line":439,"column":6},"end":{"line":465,"column":7}},"119":{"start":{"line":440,"column":25},"end":{"line":444,"column":null}},"120":{"start":{"line":447,"column":8},"end":{"line":447,"column":29}},"121":{"start":{"line":449,"column":8},"end":{"line":449,"column":26}},"122":{"start":{"line":451,"column":8},"end":{"line":453,"column":9}},"123":{"start":{"line":452,"column":10},"end":{"line":452,"column":16}},"124":{"start":{"line":455,"column":24},"end":{"line":455,"column":53}},"125":{"start":{"line":456,"column":27},"end":{"line":456,"column":58}},"126":{"start":{"line":458,"column":10},"end":{"line":458,"column":71}},"127":{"start":{"line":460,"column":8},"end":{"line":462,"column":10}},"128":{"start":{"line":464,"column":8},"end":{"line":464,"column":34}},"129":{"start":{"line":468,"column":33},"end":{"line":471,"column":null}},"130":{"start":{"line":474,"column":4},"end":{"line":474,"column":31}},"131":{"start":{"line":478,"column":23},"end":{"line":478,"column":54}},"132":{"start":{"line":480,"column":23},"end":{"line":480,"column":51}},"133":{"start":{"line":481,"column":4},"end":{"line":483,"column":5}},"134":{"start":{"line":482,"column":6},"end":{"line":482,"column":19}},"135":{"start":{"line":485,"column":4},"end":{"line":487,"column":5}},"136":{"start":{"line":486,"column":6},"end":{"line":486,"column":18}},"137":{"start":{"line":489,"column":22},"end":{"line":489,"column":38}},"138":{"start":{"line":490,"column":4},"end":{"line":490,"column":72}},"139":{"start":{"line":494,"column":22},"end":{"line":494,"column":46}},"140":{"start":{"line":495,"column":19},"end":{"line":495,"column":50}},"141":{"start":{"line":496,"column":4},"end":{"line":496,"column":30}},"142":{"start":{"line":504,"column":23},"end":{"line":504,"column":54}},"143":{"start":{"line":506,"column":23},"end":{"line":506,"column":51}},"144":{"start":{"line":507,"column":22},"end":{"line":507,"column":38}},"145":{"start":{"line":509,"column":19},"end":{"line":511,"column":32}},"146":{"start":{"line":513,"column":4},"end":{"line":516,"column":6}},"147":{"start":{"line":518,"column":4},"end":{"line":520,"column":6}},"148":{"start":{"line":524,"column":4},"end":{"line":526,"column":5}},"149":{"start":{"line":525,"column":6},"end":{"line":525,"column":18}},"150":{"start":{"line":528,"column":4},"end":{"line":528,"column":25}},"151":{"start":{"line":532,"column":4},"end":{"line":532,"column":60}},"152":{"start":{"line":532,"column":35},"end":{"line":532,"column":58}},"153":{"start":{"line":73,"column":13},"end":{"line":73,"column":27}},"154":{"start":{"line":187,"column":8},"end":{"line":201,"column":null}},"155":{"start":{"line":73,"column":13},"end":{"line":534,"column":null}}},"fnMap":{"0":{"name":"(anonymous_3)","decl":{"start":{"line":67,"column":2},"end":{"line":67,"column":14}},"loc":{"start":{"line":67,"column":72},"end":{"line":69,"column":3}}},"1":{"name":"(anonymous_4)","decl":{"start":{"line":87,"column":2},"end":{"line":87,"column":null}},"loc":{"start":{"line":90,"column":47},"end":{"line":97,"column":3}}},"2":{"name":"(anonymous_5)","decl":{"start":{"line":99,"column":2},"end":{"line":99,"column":7}},"loc":{"start":{"line":99,"column":23},"end":{"line":112,"column":3}}},"3":{"name":"(anonymous_6)","decl":{"start":{"line":100,"column":31},"end":{"line":100,"column":32}},"loc":{"start":{"line":100,"column":41},"end":{"line":109,"column":5}}},"4":{"name":"(anonymous_7)","decl":{"start":{"line":114,"column":2},"end":{"line":114,"column":7}},"loc":{"start":{"line":114,"column":31},"end":{"line":167,"column":3}}},"5":{"name":"(anonymous_8)","decl":{"start":{"line":169,"column":2},"end":{"line":169,"column":19}},"loc":{"start":{"line":169,"column":34},"end":{"line":184,"column":3}}},"6":{"name":"(anonymous_9)","decl":{"start":{"line":187,"column":8},"end":{"line":187,"column":29}},"loc":{"start":{"line":187,"column":29},"end":{"line":201,"column":3}}},"7":{"name":"(anonymous_10)","decl":{"start":{"line":191,"column":18},"end":{"line":191,"column":23}},"loc":{"start":{"line":191,"column":35},"end":{"line":199,"column":7}}},"8":{"name":"(anonymous_11)","decl":{"start":{"line":203,"column":2},"end":{"line":203,"column":7}},"loc":{"start":{"line":203,"column":32},"end":{"line":235,"column":3}}},"9":{"name":"(anonymous_12)","decl":{"start":{"line":237,"column":2},"end":{"line":237,"column":7}},"loc":{"start":{"line":240,"column":17},"end":{"line":266,"column":3}}},"10":{"name":"(anonymous_13)","decl":{"start":{"line":268,"column":10},"end":{"line":268,"column":25}},"loc":{"start":{"line":268,"column":40},"end":{"line":318,"column":3}}},"11":{"name":"(anonymous_14)","decl":{"start":{"line":281,"column":24},"end":{"line":281,"column":27}},"loc":{"start":{"line":281,"column":29},"end":{"line":284,"column":7}}},"12":{"name":"(anonymous_15)","decl":{"start":{"line":286,"column":27},"end":{"line":286,"column":28}},"loc":{"start":{"line":286,"column":42},"end":{"line":288,"column":7}}},"13":{"name":"(anonymous_16)","decl":{"start":{"line":290,"column":25},"end":{"line":290,"column":26}},"loc":{"start":{"line":290,"column":35},"end":{"line":294,"column":7}}},"14":{"name":"(anonymous_17)","decl":{"start":{"line":296,"column":25},"end":{"line":296,"column":26}},"loc":{"start":{"line":296,"column":42},"end":{"line":309,"column":7}}},"15":{"name":"(anonymous_18)","decl":{"start":{"line":320,"column":10},"end":{"line":320,"column":15}},"loc":{"start":{"line":322,"column":33},"end":{"line":348,"column":3}}},"16":{"name":"(anonymous_19)","decl":{"start":{"line":350,"column":10},"end":{"line":350,"column":27}},"loc":{"start":{"line":350,"column":42},"end":{"line":375,"column":3}}},"17":{"name":"(anonymous_20)","decl":{"start":{"line":371,"column":38},"end":{"line":371,"column":41}},"loc":{"start":{"line":371,"column":43},"end":{"line":374,"column":5}}},"18":{"name":"(anonymous_21)","decl":{"start":{"line":377,"column":10},"end":{"line":377,"column":26}},"loc":{"start":{"line":377,"column":41},"end":{"line":379,"column":3}}},"19":{"name":"(anonymous_22)","decl":{"start":{"line":381,"column":10},"end":{"line":381,"column":30}},"loc":{"start":{"line":383,"column":18},"end":{"line":411,"column":3}}},"20":{"name":"(anonymous_23)","decl":{"start":{"line":413,"column":10},"end":{"line":413,"column":21}},"loc":{"start":{"line":415,"column":34},"end":{"line":428,"column":3}}},"21":{"name":"(anonymous_24)","decl":{"start":{"line":430,"column":10},"end":{"line":430,"column":15}},"loc":{"start":{"line":434,"column":24},"end":{"line":475,"column":3}}},"22":{"name":"(anonymous_25)","decl":{"start":{"line":477,"column":10},"end":{"line":477,"column":21}},"loc":{"start":{"line":477,"column":36},"end":{"line":491,"column":3}}},"23":{"name":"(anonymous_26)","decl":{"start":{"line":493,"column":10},"end":{"line":493,"column":25}},"loc":{"start":{"line":493,"column":41},"end":{"line":497,"column":3}}},"24":{"name":"(anonymous_27)","decl":{"start":{"line":499,"column":10},"end":{"line":499,"column":32}},"loc":{"start":{"line":502,"column":28},"end":{"line":521,"column":3}}},"25":{"name":"(anonymous_28)","decl":{"start":{"line":523,"column":10},"end":{"line":523,"column":23}},"loc":{"start":{"line":523,"column":49},"end":{"line":529,"column":3}}},"26":{"name":"(anonymous_29)","decl":{"start":{"line":531,"column":10},"end":{"line":531,"column":15}},"loc":{"start":{"line":531,"column":32},"end":{"line":533,"column":3}}},"27":{"name":"(anonymous_30)","decl":{"start":{"line":532,"column":22},"end":{"line":532,"column":23}},"loc":{"start":{"line":532,"column":35},"end":{"line":532,"column":58}}}},"branchMap":{"0":{"loc":{"start":{"line":67,"column":14},"end":{"line":67,"column":72}},"type":"default-arg","locations":[{"start":{"line":67,"column":24},"end":{"line":67,"column":72}}]},"1":{"loc":{"start":{"line":95,"column":6},"end":{"line":96,"column":33}},"type":"binary-expr","locations":[{"start":{"line":95,"column":6},"end":{"line":95,"column":59}},{"start":{"line":96,"column":6},"end":{"line":96,"column":33}}]},"2":{"loc":{"start":{"line":101,"column":6},"end":{"line":103,"column":7}},"type":"if","locations":[{"start":{"line":101,"column":6},"end":{"line":103,"column":7}},{"start":{},"end":{}}]},"3":{"loc":{"start":{"line":105,"column":6},"end":{"line":108,"column":7}},"type":"if","locations":[{"start":{"line":105,"column":6},"end":{"line":108,"column":7}},{"start":{},"end":{}}]},"4":{"loc":{"start":{"line":121,"column":6},"end":{"line":129,"column":7}},"type":"if","locations":[{"start":{"line":121,"column":6},"end":{"line":129,"column":7}},{"start":{},"end":{}}]},"5":{"loc":{"start":{"line":123,"column":8},"end":{"line":128,"column":9}},"type":"if","locations":[{"start":{"line":123,"column":8},"end":{"line":128,"column":9}},{"start":{},"end":{}}]},"6":{"loc":{"start":{"line":126,"column":20},"end":{"line":126,"column":67}},"type":"cond-expr","locations":[{"start":{"line":126,"column":49},"end":{"line":126,"column":57}},{"start":{"line":126,"column":60},"end":{"line":126,"column":67}}]},"7":{"loc":{"start":{"line":140,"column":15},"end":{"line":140,"column":55}},"type":"binary-expr","locations":[{"start":{"line":140,"column":15},"end":{"line":140,"column":48}},{"start":{"line":140,"column":52},"end":{"line":140,"column":55}}]},"8":{"loc":{"start":{"line":155,"column":10},"end":{"line":155,"column":null}},"type":"cond-expr","locations":[{"start":{"line":155,"column":35},"end":{"line":155,"column":48}},{"start":{"line":155,"column":51},"end":{"line":155,"column":null}}]},"9":{"loc":{"start":{"line":172,"column":4},"end":{"line":174,"column":5}},"type":"if","locations":[{"start":{"line":172,"column":4},"end":{"line":174,"column":5}},{"start":{},"end":{}}]},"10":{"loc":{"start":{"line":194,"column":8},"end":{"line":198,"column":9}},"type":"if","locations":[{"start":{"line":194,"column":8},"end":{"line":198,"column":9}},{"start":{},"end":{}}]},"11":{"loc":{"start":{"line":218,"column":10},"end":{"line":218,"column":null}},"type":"cond-expr","locations":[{"start":{"line":218,"column":35},"end":{"line":218,"column":48}},{"start":{"line":218,"column":51},"end":{"line":218,"column":null}}]},"12":{"loc":{"start":{"line":244,"column":6},"end":{"line":244,"column":65}},"type":"cond-expr","locations":[{"start":{"line":244,"column":44},"end":{"line":244,"column":61}},{"start":{"line":244,"column":64},"end":{"line":244,"column":65}}]},"13":{"loc":{"start":{"line":244,"column":6},"end":{"line":244,"column":41}},"type":"binary-expr","locations":[{"start":{"line":244,"column":6},"end":{"line":244,"column":28}},{"start":{"line":244,"column":32},"end":{"line":244,"column":41}}]},"14":{"loc":{"start":{"line":260,"column":10},"end":{"line":260,"column":null}},"type":"cond-expr","locations":[{"start":{"line":260,"column":35},"end":{"line":260,"column":48}},{"start":{"line":260,"column":51},"end":{"line":260,"column":null}}]},"15":{"loc":{"start":{"line":270,"column":4},"end":{"line":272,"column":5}},"type":"if","locations":[{"start":{"line":270,"column":4},"end":{"line":272,"column":5}},{"start":{},"end":{}}]},"16":{"loc":{"start":{"line":298,"column":10},"end":{"line":302,"column":18}},"type":"cond-expr","locations":[{"start":{"line":299,"column":14},"end":{"line":299,"column":20}},{"start":{"line":300,"column":14},"end":{"line":302,"column":18}}]},"17":{"loc":{"start":{"line":300,"column":14},"end":{"line":302,"column":18}},"type":"cond-expr","locations":[{"start":{"line":301,"column":16},"end":{"line":301,"column":40}},{"start":{"line":302,"column":16},"end":{"line":302,"column":18}}]},"18":{"loc":{"start":{"line":305,"column":80},"end":{"line":305,"column":103}},"type":"binary-expr","locations":[{"start":{"line":305,"column":80},"end":{"line":305,"column":94}},{"start":{"line":305,"column":98},"end":{"line":305,"column":103}}]},"19":{"loc":{"start":{"line":313,"column":10},"end":{"line":313,"column":null}},"type":"cond-expr","locations":[{"start":{"line":313,"column":35},"end":{"line":313,"column":48}},{"start":{"line":313,"column":51},"end":{"line":313,"column":null}}]},"20":{"loc":{"start":{"line":331,"column":15},"end":{"line":331,"column":51}},"type":"binary-expr","locations":[{"start":{"line":331,"column":15},"end":{"line":331,"column":44}},{"start":{"line":331,"column":48},"end":{"line":331,"column":51}}]},"21":{"loc":{"start":{"line":344,"column":10},"end":{"line":344,"column":null}},"type":"cond-expr","locations":[{"start":{"line":344,"column":35},"end":{"line":344,"column":48}},{"start":{"line":344,"column":51},"end":{"line":344,"column":null}}]},"22":{"loc":{"start":{"line":353,"column":4},"end":{"line":355,"column":5}},"type":"if","locations":[{"start":{"line":353,"column":4},"end":{"line":355,"column":5}},{"start":{},"end":{}}]},"23":{"loc":{"start":{"line":357,"column":4},"end":{"line":359,"column":5}},"type":"if","locations":[{"start":{"line":357,"column":4},"end":{"line":359,"column":5}},{"start":{},"end":{}}]},"24":{"loc":{"start":{"line":388,"column":6},"end":{"line":390,"column":7}},"type":"if","locations":[{"start":{"line":388,"column":6},"end":{"line":390,"column":7}},{"start":{},"end":{}}]},"25":{"loc":{"start":{"line":396,"column":10},"end":{"line":398,"column":38}},"type":"cond-expr","locations":[{"start":{"line":397,"column":14},"end":{"line":397,"column":30}},{"start":{"line":398,"column":14},"end":{"line":398,"column":38}}]},"26":{"loc":{"start":{"line":400,"column":10},"end":{"line":405,"column":21}},"type":"cond-expr","locations":[{"start":{"line":404,"column":14},"end":{"line":404,"column":27}},{"start":{"line":405,"column":14},"end":{"line":405,"column":21}}]},"27":{"loc":{"start":{"line":400,"column":10},"end":{"line":403,"column":38}},"type":"binary-expr","locations":[{"start":{"line":400,"column":10},"end":{"line":400,"column":36}},{"start":{"line":401,"column":10},"end":{"line":401,"column":34}},{"start":{"line":402,"column":10},"end":{"line":402,"column":35}},{"start":{"line":403,"column":10},"end":{"line":403,"column":38}}]},"28":{"loc":{"start":{"line":419,"column":13},"end":{"line":419,"column":57}},"type":"binary-expr","locations":[{"start":{"line":419,"column":13},"end":{"line":419,"column":50}},{"start":{"line":419,"column":54},"end":{"line":419,"column":57}}]},"29":{"loc":{"start":{"line":451,"column":8},"end":{"line":453,"column":9}},"type":"if","locations":[{"start":{"line":451,"column":8},"end":{"line":453,"column":9}},{"start":{},"end":{}}]},"30":{"loc":{"start":{"line":451,"column":12},"end":{"line":451,"column":72}},"type":"binary-expr","locations":[{"start":{"line":451,"column":12},"end":{"line":451,"column":36}},{"start":{"line":451,"column":40},"end":{"line":451,"column":72}}]},"31":{"loc":{"start":{"line":458,"column":10},"end":{"line":458,"column":71}},"type":"binary-expr","locations":[{"start":{"line":458,"column":10},"end":{"line":458,"column":38}},{"start":{"line":458,"column":42},"end":{"line":458,"column":58}},{"start":{"line":458,"column":62},"end":{"line":458,"column":71}}]},"32":{"loc":{"start":{"line":481,"column":4},"end":{"line":483,"column":5}},"type":"if","locations":[{"start":{"line":481,"column":4},"end":{"line":483,"column":5}},{"start":{},"end":{}}]},"33":{"loc":{"start":{"line":481,"column":8},"end":{"line":481,"column":69}},"type":"binary-expr","locations":[{"start":{"line":481,"column":8},"end":{"line":481,"column":18}},{"start":{"line":481,"column":22},"end":{"line":481,"column":69}}]},"34":{"loc":{"start":{"line":485,"column":4},"end":{"line":487,"column":5}},"type":"if","locations":[{"start":{"line":485,"column":4},"end":{"line":487,"column":5}},{"start":{},"end":{}}]},"35":{"loc":{"start":{"line":485,"column":8},"end":{"line":485,"column":65}},"type":"binary-expr","locations":[{"start":{"line":485,"column":8},"end":{"line":485,"column":18}},{"start":{"line":485,"column":22},"end":{"line":485,"column":65}}]},"36":{"loc":{"start":{"line":490,"column":19},"end":{"line":490,"column":70}},"type":"binary-expr","locations":[{"start":{"line":490,"column":19},"end":{"line":490,"column":28}},{"start":{"line":490,"column":32},"end":{"line":490,"column":70}}]},"37":{"loc":{"start":{"line":502,"column":4},"end":{"line":502,"column":28}},"type":"default-arg","locations":[{"start":{"line":502,"column":19},"end":{"line":502,"column":28}}]},"38":{"loc":{"start":{"line":509,"column":19},"end":{"line":511,"column":32}},"type":"cond-expr","locations":[{"start":{"line":510,"column":8},"end":{"line":510,"column":30}},{"start":{"line":511,"column":9},"end":{"line":511,"column":31}}]},"39":{"loc":{"start":{"line":511,"column":9},"end":{"line":511,"column":31}},"type":"binary-expr","locations":[{"start":{"line":511,"column":9},"end":{"line":511,"column":18}},{"start":{"line":511,"column":22},"end":{"line":511,"column":31}}]},"40":{"loc":{"start":{"line":524,"column":4},"end":{"line":526,"column":5}},"type":"if","locations":[{"start":{"line":524,"column":4},"end":{"line":526,"column":5}},{"start":{},"end":{}}]},"41":{"loc":{"start":{"line":524,"column":8},"end":{"line":524,"column":45}},"type":"binary-expr","locations":[{"start":{"line":524,"column":8},"end":{"line":524,"column":27}},{"start":{"line":524,"column":31},"end":{"line":524,"column":45}}]},"42":{"loc":{"start":{"line":187,"column":33},"end":{"line":187,"column":null}},"type":"cond-expr","locations":[{"start":{"line":187,"column":40},"end":{"line":187,"column":null}},{"start":{"line":187,"column":40},"end":{"line":187,"column":null}}]},"43":{"loc":{"start":{"line":187,"column":33},"end":{"line":187,"column":40}},"type":"binary-expr","locations":[{"start":{"line":187,"column":33},"end":{"line":187,"column":null}},{"start":{"line":187,"column":33},"end":{"line":187,"column":40}}]},"44":{"loc":{"start":{"line":88,"column":34},"end":{"line":88,"column":null}},"type":"cond-expr","locations":[{"start":{"line":88,"column":45},"end":{"line":88,"column":null}},{"start":{"line":88,"column":45},"end":{"line":88,"column":null}}]},"45":{"loc":{"start":{"line":88,"column":34},"end":{"line":88,"column":45}},"type":"binary-expr","locations":[{"start":{"line":88,"column":34},"end":{"line":88,"column":null}},{"start":{"line":88,"column":34},"end":{"line":88,"column":45}}]},"46":{"loc":{"start":{"line":88,"column":45},"end":{"line":89,"column":null}},"type":"cond-expr","locations":[{"start":{"line":89,"column":49},"end":{"line":89,"column":null}},{"start":{"line":89,"column":49},"end":{"line":89,"column":null}}]},"47":{"loc":{"start":{"line":88,"column":45},"end":{"line":89,"column":49}},"type":"binary-expr","locations":[{"start":{"line":88,"column":45},"end":{"line":89,"column":null}},{"start":{"line":89,"column":36},"end":{"line":89,"column":49}}]},"48":{"loc":{"start":{"line":89,"column":49},"end":{"line":90,"column":null}},"type":"cond-expr","locations":[{"start":{"line":90,"column":47},"end":{"line":90,"column":null}},{"start":{"line":90,"column":47},"end":{"line":90,"column":null}}]},"49":{"loc":{"start":{"line":89,"column":49},"end":{"line":90,"column":47}},"type":"binary-expr","locations":[{"start":{"line":89,"column":49},"end":{"line":90,"column":null}},{"start":{"line":90,"column":35},"end":{"line":90,"column":47}}]}},"s":{"0":1,"1":1,"2":1,"3":1,"4":1,"5":1,"6":1,"7":1,"8":1,"9":1,"10":1,"11":1,"12":1,"13":1,"14":1,"15":1,"16":0,"17":1,"18":1,"19":3,"20":3,"21":3,"22":3,"23":3,"24":3,"25":3,"26":3,"27":3,"28":1,"29":0,"30":1,"31":1,"32":1,"33":3,"34":2,"35":2,"36":2,"37":2,"38":2,"39":1,"40":1,"41":1,"42":1,"43":1,"44":1,"45":1,"46":0,"47":0,"48":1,"49":1,"50":0,"51":1,"52":1,"53":1,"54":0,"55":0,"56":0,"57":0,"58":0,"59":0,"60":0,"61":0,"62":0,"63":0,"64":0,"65":0,"66":0,"67":0,"68":0,"69":0,"70":0,"71":2,"72":2,"73":0,"74":2,"75":2,"76":2,"77":2,"78":2,"79":2,"80":0,"81":0,"82":2,"83":0,"84":2,"85":1,"86":2,"87":1,"88":1,"89":1,"90":0,"91":0,"92":0,"93":0,"94":0,"95":0,"96":0,"97":1,"98":1,"99":0,"100":1,"101":0,"102":1,"103":1,"104":1,"105":1,"106":1,"107":1,"108":2,"109":1,"110":1,"111":1,"112":0,"113":1,"114":0,"115":0,"116":1,"117":1,"118":1,"119":1,"120":1,"121":0,"122":0,"123":0,"124":0,"125":0,"126":0,"127":0,"128":0,"129":0,"130":0,"131":0,"132":0,"133":0,"134":0,"135":0,"136":0,"137":0,"138":0,"139":0,"140":0,"141":0,"142":0,"143":0,"144":0,"145":0,"146":0,"147":0,"148":1,"149":0,"150":1,"151":0,"152":0,"153":1,"154":1,"155":1},"f":{"0":0,"1":3,"2":3,"3":1,"4":2,"5":1,"6":0,"7":0,"8":0,"9":0,"10":2,"11":0,"12":0,"13":1,"14":1,"15":0,"16":1,"17":1,"18":2,"19":1,"20":0,"21":1,"22":0,"23":0,"24":0,"25":1,"26":0,"27":0},"b":{"0":[0],"1":[3,0],"2":[0,1],"3":[1,0],"4":[1,1],"5":[1,0],"6":[1,0],"7":[1,0],"8":[0,0],"9":[0,1],"10":[0,0],"11":[0,0],"12":[0,0],"13":[0,0],"14":[0,0],"15":[0,2],"16":[0,1],"17":[1,0],"18":[1,0],"19":[0,0],"20":[0,0],"21":[0,0],"22":[0,1],"23":[0,1],"24":[0,1],"25":[1,0],"26":[1,0],"27":[1,0,0,0],"28":[0,0],"29":[0,0],"30":[0,0],"31":[0,0,0],"32":[0,0],"33":[0,0],"34":[0,0],"35":[0,0],"36":[0,0],"37":[0],"38":[0,0],"39":[0,0],"40":[0,1],"41":[1,1],"42":[1,0],"43":[1,1],"44":[1,0],"45":[1,1],"46":[1,0],"47":[1,1],"48":[1,0],"49":[1,1]}}
,"C:\\Users\\User\\Desktop\\nanodashboard\\api\\src\\users\\users.service.ts": {"path":"C:\\Users\\User\\Desktop\\nanodashboard\\api\\src\\users\\users.service.ts","statementMap":{"0":{"start":{"line":1,"column":0},"end":{"line":1,"column":null}},"1":{"start":{"line":7,"column":0},"end":{"line":7,"column":40}},"2":{"start":{"line":8,"column":0},"end":{"line":8,"column":42}},"3":{"start":{"line":9,"column":0},"end":{"line":9,"column":33}},"4":{"start":{"line":10,"column":0},"end":{"line":10,"column":57}},"5":{"start":{"line":11,"column":0},"end":{"line":11,"column":54}},"6":{"start":{"line":14,"column":0},"end":{"line":14,"column":47}},"7":{"start":{"line":16,"column":0},"end":{"line":16,"column":84}},"8":{"start":{"line":18,"column":20},"end":{"line":26,"column":30}},"9":{"start":{"line":28,"column":36},"end":{"line":28,"column":60}},"10":{"start":{"line":29,"column":29},"end":{"line":29,"column":31}},"11":{"start":{"line":32,"column":25},"end":{"line":372,"column":null}},"12":{"start":{"line":33,"column":28},"end":{"line":33,"column":57}},"13":{"start":{"line":36,"column":21},"end":{"line":36,"column":29}},"14":{"start":{"line":37,"column":21},"end":{"line":37,"column":35}},"15":{"start":{"line":38,"column":21},"end":{"line":38,"column":35}},"16":{"start":{"line":48,"column":25},"end":{"line":48,"column":80}},"17":{"start":{"line":50,"column":4},"end":{"line":56,"column":7}},"18":{"start":{"line":68,"column":4},"end":{"line":85,"column":5}},"19":{"start":{"line":69,"column":6},"end":{"line":78,"column":9}},"20":{"start":{"line":80,"column":6},"end":{"line":82,"column":7}},"21":{"start":{"line":81,"column":8},"end":{"line":81,"column":20}},"22":{"start":{"line":84,"column":6},"end":{"line":84,"column":18}},"23":{"start":{"line":87,"column":4},"end":{"line":87,"column":38}},"24":{"start":{"line":89,"column":21},"end":{"line":89,"column":46}},"25":{"start":{"line":90,"column":4},"end":{"line":95,"column":7}},"26":{"start":{"line":97,"column":4},"end":{"line":97,"column":20}},"27":{"start":{"line":101,"column":17},"end":{"line":101,"column":32}},"28":{"start":{"line":102,"column":18},"end":{"line":102,"column":35}},"29":{"start":{"line":103,"column":19},"end":{"line":103,"column":39}},"30":{"start":{"line":104,"column":18},"end":{"line":104,"column":50}},"31":{"start":{"line":106,"column":27},"end":{"line":115,"column":6}},"32":{"start":{"line":117,"column":4},"end":{"line":125,"column":6}},"33":{"start":{"line":118,"column":33},"end":{"line":118,"column":58}},"34":{"start":{"line":129,"column":17},"end":{"line":135,"column":6}},"35":{"start":{"line":137,"column":4},"end":{"line":139,"column":5}},"36":{"start":{"line":138,"column":6},"end":{"line":138,"column":52}},"37":{"start":{"line":141,"column":4},"end":{"line":141,"column":37}},"38":{"start":{"line":145,"column":4},"end":{"line":150,"column":7}},"39":{"start":{"line":154,"column":4},"end":{"line":154,"column":33}},"40":{"start":{"line":165,"column":4},"end":{"line":165,"column":36}},"41":{"start":{"line":166,"column":28},"end":{"line":166,"column":82}},"42":{"start":{"line":168,"column":17},"end":{"line":180,"column":6}},"43":{"start":{"line":182,"column":4},"end":{"line":182,"column":38}},"44":{"start":{"line":184,"column":21},"end":{"line":184,"column":46}},"45":{"start":{"line":185,"column":4},"end":{"line":190,"column":7}},"46":{"start":{"line":192,"column":4},"end":{"line":192,"column":20}},"47":{"start":{"line":203,"column":4},"end":{"line":203,"column":59}},"48":{"start":{"line":210,"column":19},"end":{"line":216,"column":6}},"49":{"start":{"line":218,"column":4},"end":{"line":220,"column":5}},"50":{"start":{"line":219,"column":6},"end":{"line":219,"column":52}},"51":{"start":{"line":222,"column":4},"end":{"line":224,"column":5}},"52":{"start":{"line":223,"column":6},"end":{"line":223,"column":13}},"53":{"start":{"line":226,"column":4},"end":{"line":226,"column":83}},"54":{"start":{"line":230,"column":4},"end":{"line":230,"column":36}},"55":{"start":{"line":232,"column":4},"end":{"line":238,"column":7}},"56":{"start":{"line":240,"column":4},"end":{"line":240,"column":38}},"57":{"start":{"line":244,"column":24},"end":{"line":245,"column":null}},"58":{"start":{"line":248,"column":4},"end":{"line":250,"column":5}},"59":{"start":{"line":249,"column":6},"end":{"line":249,"column":25}},"60":{"start":{"line":252,"column":18},"end":{"line":257,"column":6}},"61":{"start":{"line":259,"column":4},"end":{"line":259,"column":72}},"62":{"start":{"line":261,"column":4},"end":{"line":261,"column":17}},"63":{"start":{"line":265,"column":35},"end":{"line":279,"column":6}},"64":{"start":{"line":281,"column":4},"end":{"line":285,"column":6}},"65":{"start":{"line":284,"column":32},"end":{"line":284,"column":57}},"66":{"start":{"line":289,"column":17},"end":{"line":295,"column":6}},"67":{"start":{"line":297,"column":4},"end":{"line":299,"column":5}},"68":{"start":{"line":298,"column":6},"end":{"line":298,"column":52}},"69":{"start":{"line":303,"column":4},"end":{"line":305,"column":5}},"70":{"start":{"line":304,"column":6},"end":{"line":304,"column":33}},"71":{"start":{"line":307,"column":4},"end":{"line":323,"column":6}},"72":{"start":{"line":333,"column":4},"end":{"line":335,"column":5}},"73":{"start":{"line":334,"column":6},"end":{"line":334,"column":27}},"74":{"start":{"line":337,"column":4},"end":{"line":341,"column":6}},"75":{"start":{"line":347,"column":4},"end":{"line":355,"column":6}},"76":{"start":{"line":359,"column":4},"end":{"line":370,"column":5}},"77":{"start":{"line":360,"column":6},"end":{"line":363,"column":9}},"78":{"start":{"line":365,"column":6},"end":{"line":369,"column":8}},"79":{"start":{"line":32,"column":13},"end":{"line":32,"column":25}},"80":{"start":{"line":32,"column":13},"end":{"line":372,"column":null}}},"fnMap":{"0":{"name":"(anonymous_11)","decl":{"start":{"line":35,"column":2},"end":{"line":35,"column":null}},"loc":{"start":{"line":38,"column":47},"end":{"line":39,"column":6}}},"1":{"name":"(anonymous_12)","decl":{"start":{"line":41,"column":2},"end":{"line":41,"column":7}},"loc":{"start":{"line":47,"column":3},"end":{"line":57,"column":3}}},"2":{"name":"(anonymous_13)","decl":{"start":{"line":59,"column":2},"end":{"line":59,"column":7}},"loc":{"start":{"line":65,"column":3},"end":{"line":98,"column":3}}},"3":{"name":"(anonymous_14)","decl":{"start":{"line":100,"column":2},"end":{"line":100,"column":7}},"loc":{"start":{"line":100,"column":39},"end":{"line":126,"column":3}}},"4":{"name":"(anonymous_15)","decl":{"start":{"line":118,"column":23},"end":{"line":118,"column":24}},"loc":{"start":{"line":118,"column":33},"end":{"line":118,"column":58}}},"5":{"name":"(anonymous_16)","decl":{"start":{"line":128,"column":2},"end":{"line":128,"column":7}},"loc":{"start":{"line":128,"column":27},"end":{"line":142,"column":3}}},"6":{"name":"(anonymous_17)","decl":{"start":{"line":144,"column":2},"end":{"line":144,"column":7}},"loc":{"start":{"line":144,"column":33},"end":{"line":151,"column":3}}},"7":{"name":"(anonymous_18)","decl":{"start":{"line":153,"column":2},"end":{"line":153,"column":7}},"loc":{"start":{"line":153,"column":28},"end":{"line":155,"column":3}}},"8":{"name":"(anonymous_19)","decl":{"start":{"line":157,"column":2},"end":{"line":157,"column":7}},"loc":{"start":{"line":163,"column":5},"end":{"line":193,"column":3}}},"9":{"name":"(anonymous_20)","decl":{"start":{"line":195,"column":2},"end":{"line":195,"column":7}},"loc":{"start":{"line":201,"column":5},"end":{"line":204,"column":3}}},"10":{"name":"(anonymous_21)","decl":{"start":{"line":206,"column":2},"end":{"line":206,"column":7}},"loc":{"start":{"line":209,"column":3},"end":{"line":227,"column":3}}},"11":{"name":"(anonymous_22)","decl":{"start":{"line":229,"column":2},"end":{"line":229,"column":7}},"loc":{"start":{"line":229,"column":33},"end":{"line":241,"column":3}}},"12":{"name":"(anonymous_23)","decl":{"start":{"line":243,"column":2},"end":{"line":243,"column":7}},"loc":{"start":{"line":243,"column":22},"end":{"line":262,"column":3}}},"13":{"name":"(anonymous_24)","decl":{"start":{"line":264,"column":2},"end":{"line":264,"column":7}},"loc":{"start":{"line":264,"column":33},"end":{"line":286,"column":3}}},"14":{"name":"(anonymous_25)","decl":{"start":{"line":284,"column":22},"end":{"line":284,"column":23}},"loc":{"start":{"line":284,"column":32},"end":{"line":284,"column":57}}},"15":{"name":"(anonymous_26)","decl":{"start":{"line":288,"column":10},"end":{"line":288,"column":15}},"loc":{"start":{"line":288,"column":43},"end":{"line":300,"column":3}}},"16":{"name":"(anonymous_27)","decl":{"start":{"line":302,"column":10},"end":{"line":302,"column":29}},"loc":{"start":{"line":302,"column":45},"end":{"line":324,"column":3}}},"17":{"name":"(anonymous_28)","decl":{"start":{"line":326,"column":10},"end":{"line":326,"column":31}},"loc":{"start":{"line":331,"column":5},"end":{"line":342,"column":3}}},"18":{"name":"(anonymous_29)","decl":{"start":{"line":344,"column":10},"end":{"line":344,"column":24}},"loc":{"start":{"line":345,"column":63},"end":{"line":356,"column":3}}},"19":{"name":"(anonymous_30)","decl":{"start":{"line":358,"column":10},"end":{"line":358,"column":15}},"loc":{"start":{"line":358,"column":36},"end":{"line":371,"column":3}}}},"branchMap":{"0":{"loc":{"start":{"line":74,"column":16},"end":{"line":74,"column":43}},"type":"binary-expr","locations":[{"start":{"line":74,"column":16},"end":{"line":74,"column":26}},{"start":{"line":74,"column":30},"end":{"line":74,"column":43}}]},"1":{"loc":{"start":{"line":75,"column":20},"end":{"line":75,"column":42}},"type":"binary-expr","locations":[{"start":{"line":75,"column":20},"end":{"line":75,"column":34}},{"start":{"line":75,"column":38},"end":{"line":75,"column":42}}]},"2":{"loc":{"start":{"line":80,"column":6},"end":{"line":82,"column":7}},"type":"if","locations":[{"start":{"line":80,"column":6},"end":{"line":82,"column":7}},{"start":{},"end":{}}]},"3":{"loc":{"start":{"line":80,"column":10},"end":{"line":80,"column":89}},"type":"binary-expr","locations":[{"start":{"line":80,"column":10},"end":{"line":80,"column":63}},{"start":{"line":80,"column":67},"end":{"line":80,"column":89}}]},"4":{"loc":{"start":{"line":101,"column":17},"end":{"line":101,"column":32}},"type":"binary-expr","locations":[{"start":{"line":101,"column":17},"end":{"line":101,"column":27}},{"start":{"line":101,"column":31},"end":{"line":101,"column":32}}]},"5":{"loc":{"start":{"line":102,"column":18},"end":{"line":102,"column":35}},"type":"binary-expr","locations":[{"start":{"line":102,"column":18},"end":{"line":102,"column":29}},{"start":{"line":102,"column":33},"end":{"line":102,"column":35}}]},"6":{"loc":{"start":{"line":123,"column":20},"end":{"line":123,"column":62}},"type":"cond-expr","locations":[{"start":{"line":123,"column":34},"end":{"line":123,"column":35}},{"start":{"line":123,"column":38},"end":{"line":123,"column":62}}]},"7":{"loc":{"start":{"line":137,"column":4},"end":{"line":139,"column":5}},"type":"if","locations":[{"start":{"line":137,"column":4},"end":{"line":139,"column":5}},{"start":{},"end":{}}]},"8":{"loc":{"start":{"line":171,"column":12},"end":{"line":173,"column":14}},"type":"cond-expr","locations":[{"start":{"line":172,"column":12},"end":{"line":172,"column":63}},{"start":{"line":173,"column":12},"end":{"line":173,"column":14}}]},"9":{"loc":{"start":{"line":174,"column":12},"end":{"line":174,"column":84}},"type":"cond-expr","locations":[{"start":{"line":174,"column":49},"end":{"line":174,"column":79}},{"start":{"line":174,"column":82},"end":{"line":174,"column":84}}]},"10":{"loc":{"start":{"line":175,"column":12},"end":{"line":177,"column":14}},"type":"cond-expr","locations":[{"start":{"line":176,"column":12},"end":{"line":176,"column":50}},{"start":{"line":177,"column":12},"end":{"line":177,"column":14}}]},"11":{"loc":{"start":{"line":218,"column":4},"end":{"line":220,"column":5}},"type":"if","locations":[{"start":{"line":218,"column":4},"end":{"line":220,"column":5}},{"start":{},"end":{}}]},"12":{"loc":{"start":{"line":222,"column":4},"end":{"line":224,"column":5}},"type":"if","locations":[{"start":{"line":222,"column":4},"end":{"line":224,"column":5}},{"start":{},"end":{}}]},"13":{"loc":{"start":{"line":222,"column":8},"end":{"line":222,"column":79}},"type":"binary-expr","locations":[{"start":{"line":222,"column":8},"end":{"line":222,"column":43}},{"start":{"line":222,"column":47},"end":{"line":222,"column":79}}]},"14":{"loc":{"start":{"line":248,"column":4},"end":{"line":250,"column":5}},"type":"if","locations":[{"start":{"line":248,"column":4},"end":{"line":250,"column":5}},{"start":{},"end":{}}]},"15":{"loc":{"start":{"line":297,"column":4},"end":{"line":299,"column":5}},"type":"if","locations":[{"start":{"line":297,"column":4},"end":{"line":299,"column":5}},{"start":{},"end":{}}]},"16":{"loc":{"start":{"line":303,"column":4},"end":{"line":305,"column":5}},"type":"if","locations":[{"start":{"line":303,"column":4},"end":{"line":305,"column":5}},{"start":{},"end":{}}]},"17":{"loc":{"start":{"line":333,"column":4},"end":{"line":335,"column":5}},"type":"if","locations":[{"start":{"line":333,"column":4},"end":{"line":335,"column":5}},{"start":{},"end":{}}]},"18":{"loc":{"start":{"line":338,"column":10},"end":{"line":340,"column":12}},"type":"cond-expr","locations":[{"start":{"line":339,"column":10},"end":{"line":339,"column":52}},{"start":{"line":340,"column":10},"end":{"line":340,"column":12}}]},"19":{"loc":{"start":{"line":367,"column":10},"end":{"line":367,"column":null}},"type":"cond-expr","locations":[{"start":{"line":367,"column":35},"end":{"line":367,"column":48}},{"start":{"line":367,"column":51},"end":{"line":367,"column":null}}]},"20":{"loc":{"start":{"line":36,"column":29},"end":{"line":36,"column":null}},"type":"cond-expr","locations":[{"start":{"line":36,"column":42},"end":{"line":36,"column":null}},{"start":{"line":36,"column":42},"end":{"line":36,"column":null}}]},"21":{"loc":{"start":{"line":36,"column":29},"end":{"line":36,"column":42}},"type":"binary-expr","locations":[{"start":{"line":36,"column":29},"end":{"line":36,"column":null}},{"start":{"line":36,"column":29},"end":{"line":36,"column":42}}]},"22":{"loc":{"start":{"line":36,"column":42},"end":{"line":37,"column":null}},"type":"cond-expr","locations":[{"start":{"line":37,"column":47},"end":{"line":37,"column":null}},{"start":{"line":37,"column":47},"end":{"line":37,"column":null}}]},"23":{"loc":{"start":{"line":36,"column":42},"end":{"line":37,"column":47}},"type":"binary-expr","locations":[{"start":{"line":36,"column":42},"end":{"line":37,"column":null}},{"start":{"line":37,"column":35},"end":{"line":37,"column":47}}]},"24":{"loc":{"start":{"line":37,"column":47},"end":{"line":38,"column":null}},"type":"cond-expr","locations":[{"start":{"line":38,"column":47},"end":{"line":38,"column":null}},{"start":{"line":38,"column":47},"end":{"line":38,"column":null}}]},"25":{"loc":{"start":{"line":37,"column":47},"end":{"line":38,"column":47}},"type":"binary-expr","locations":[{"start":{"line":37,"column":47},"end":{"line":38,"column":null}},{"start":{"line":38,"column":35},"end":{"line":38,"column":47}}]}},"s":{"0":1,"1":1,"2":1,"3":1,"4":1,"5":1,"6":1,"7":1,"8":1,"9":1,"10":1,"11":1,"12":3,"13":3,"14":3,"15":3,"16":1,"17":1,"18":1,"19":1,"20":0,"21":0,"22":0,"23":1,"24":1,"25":1,"26":1,"27":0,"28":0,"29":0,"30":0,"31":0,"32":0,"33":0,"34":1,"35":1,"36":1,"37":0,"38":0,"39":0,"40":1,"41":1,"42":1,"43":1,"44":1,"45":1,"46":1,"47":1,"48":0,"49":0,"50":0,"51":0,"52":0,"53":0,"54":0,"55":0,"56":0,"57":0,"58":0,"59":0,"60":0,"61":0,"62":0,"63":0,"64":0,"65":0,"66":1,"67":1,"68":0,"69":0,"70":0,"71":0,"72":1,"73":0,"74":1,"75":2,"76":2,"77":2,"78":0,"79":1,"80":1},"f":{"0":3,"1":1,"2":1,"3":0,"4":0,"5":1,"6":0,"7":0,"8":1,"9":1,"10":0,"11":0,"12":0,"13":0,"14":0,"15":1,"16":0,"17":1,"18":2,"19":2},"b":{"0":[1,1],"1":[1,1],"2":[0,0],"3":[0,0],"4":[0,0],"5":[0,0],"6":[0,0],"7":[1,0],"8":[1,0],"9":[0,1],"10":[0,1],"11":[0,0],"12":[0,0],"13":[0,0],"14":[0,0],"15":[0,1],"16":[0,0],"17":[0,1],"18":[1,0],"19":[0,0],"20":[1,0],"21":[1,1],"22":[1,0],"23":[1,1],"24":[1,0],"25":[1,1]}}
}
