TN:
SF:src\binance\binance.service.ts
FN:67,(anonymous_3)
FN:87,(anonymous_4)
FN:99,(anonymous_5)
FN:100,(anonymous_6)
FN:114,(anonymous_7)
FN:169,(anonymous_8)
FN:187,(anonymous_9)
FN:191,(anonymous_10)
FN:203,(anonymous_11)
FN:237,(anonymous_12)
FN:268,(anonymous_13)
FN:281,(anonymous_14)
FN:286,(anonymous_15)
FN:290,(anonymous_16)
FN:296,(anonymous_17)
FN:320,(anonymous_18)
FN:350,(anonymous_19)
FN:371,(anonymous_20)
FN:377,(anonymous_21)
FN:381,(anonymous_22)
FN:413,(anonymous_23)
FN:430,(anonymous_24)
FN:477,(anonymous_25)
FN:493,(anonymous_26)
FN:499,(anonymous_27)
FN:523,(anonymous_28)
FN:531,(anonymous_29)
FN:532,(anonymous_30)
FNF:28
FNH:14
FNDA:0,(anonymous_3)
FNDA:3,(anonymous_4)
FNDA:3,(anonymous_5)
FNDA:1,(anonymous_6)
FNDA:2,(anonymous_7)
FNDA:1,(anonymous_8)
FNDA:0,(anonymous_9)
FNDA:0,(anonymous_10)
FNDA:0,(anonymous_11)
FNDA:0,(anonymous_12)
FNDA:2,(anonymous_13)
FNDA:0,(anonymous_14)
FNDA:0,(anonymous_15)
FNDA:1,(anonymous_16)
FNDA:1,(anonymous_17)
FNDA:0,(anonymous_18)
FNDA:1,(anonymous_19)
FNDA:1,(anonymous_20)
FNDA:2,(anonymous_21)
FNDA:1,(anonymous_22)
FNDA:0,(anonymous_23)
FNDA:1,(anonymous_24)
FNDA:0,(anonymous_25)
FNDA:0,(anonymous_26)
FNDA:0,(anonymous_27)
FNDA:1,(anonymous_28)
FNDA:0,(anonymous_29)
FNDA:0,(anonymous_30)
DA:1,1
DA:7,1
DA:8,1
DA:9,1
DA:11,1
DA:13,1
DA:14,1
DA:49,1
DA:50,1
DA:51,1
DA:52,1
DA:53,1
DA:54,1
DA:56,1
DA:57,1
DA:59,1
DA:66,1
DA:68,0
DA:73,1
DA:76,3
DA:77,3
DA:85,3
DA:88,3
DA:89,3
DA:90,3
DA:93,3
DA:94,3
DA:100,3
DA:101,1
DA:102,0
DA:105,1
DA:106,1
DA:107,1
DA:111,3
DA:115,2
DA:116,2
DA:118,2
DA:119,2
DA:121,2
DA:122,1
DA:123,1
DA:124,1
DA:131,1
DA:138,1
DA:145,1
DA:151,1
DA:153,0
DA:159,0
DA:170,1
DA:172,1
DA:173,0
DA:176,1
DA:177,1
DA:183,1
DA:187,1
DA:188,0
DA:190,0
DA:192,0
DA:194,0
DA:195,0
DA:204,0
DA:206,0
DA:207,0
DA:214,0
DA:216,0
DA:222,0
DA:242,0
DA:244,0
DA:246,0
DA:247,0
DA:258,0
DA:264,0
DA:269,2
DA:270,2
DA:271,0
DA:274,2
DA:275,2
DA:277,2
DA:278,2
DA:279,2
DA:281,2
DA:282,0
DA:283,0
DA:286,2
DA:287,0
DA:290,2
DA:291,1
DA:296,2
DA:298,1
DA:304,1
DA:308,1
DA:311,0
DA:316,0
DA:324,0
DA:325,0
DA:329,0
DA:336,0
DA:342,0
DA:351,1
DA:353,1
DA:354,0
DA:357,1
DA:358,0
DA:361,1
DA:362,1
DA:367,1
DA:371,1
DA:372,1
DA:373,1
DA:378,2
DA:385,1
DA:386,1
DA:388,1
DA:389,0
DA:392,1
DA:409,0
DA:417,0
DA:438,1
DA:439,1
DA:440,1
DA:447,1
DA:449,0
DA:451,0
DA:452,0
DA:455,0
DA:456,0
DA:458,0
DA:460,0
DA:464,0
DA:468,0
DA:474,0
DA:478,0
DA:480,0
DA:481,0
DA:482,0
DA:485,0
DA:486,0
DA:489,0
DA:490,0
DA:494,0
DA:495,0
DA:496,0
DA:504,0
DA:506,0
DA:507,0
DA:509,0
DA:513,0
DA:518,0
DA:524,1
DA:525,0
DA:528,1
DA:532,0
LF:152
LH:85
BRDA:67,0,0,0
BRDA:95,1,0,3
BRDA:95,1,1,0
BRDA:101,2,0,0
BRDA:101,2,1,1
BRDA:105,3,0,1
BRDA:105,3,1,0
BRDA:121,4,0,1
BRDA:121,4,1,1
BRDA:123,5,0,1
BRDA:123,5,1,0
BRDA:126,6,0,1
BRDA:126,6,1,0
BRDA:140,7,0,1
BRDA:140,7,1,0
BRDA:155,8,0,0
BRDA:155,8,1,0
BRDA:172,9,0,0
BRDA:172,9,1,1
BRDA:194,10,0,0
BRDA:194,10,1,0
BRDA:218,11,0,0
BRDA:218,11,1,0
BRDA:244,12,0,0
BRDA:244,12,1,0
BRDA:244,13,0,0
BRDA:244,13,1,0
BRDA:260,14,0,0
BRDA:260,14,1,0
BRDA:270,15,0,0
BRDA:270,15,1,2
BRDA:298,16,0,0
BRDA:298,16,1,1
BRDA:300,17,0,1
BRDA:300,17,1,0
BRDA:305,18,0,1
BRDA:305,18,1,0
BRDA:313,19,0,0
BRDA:313,19,1,0
BRDA:331,20,0,0
BRDA:331,20,1,0
BRDA:344,21,0,0
BRDA:344,21,1,0
BRDA:353,22,0,0
BRDA:353,22,1,1
BRDA:357,23,0,0
BRDA:357,23,1,1
BRDA:388,24,0,0
BRDA:388,24,1,1
BRDA:396,25,0,1
BRDA:396,25,1,0
BRDA:400,26,0,1
BRDA:400,26,1,0
BRDA:400,27,0,1
BRDA:400,27,1,0
BRDA:400,27,2,0
BRDA:400,27,3,0
BRDA:419,28,0,0
BRDA:419,28,1,0
BRDA:451,29,0,0
BRDA:451,29,1,0
BRDA:451,30,0,0
BRDA:451,30,1,0
BRDA:458,31,0,0
BRDA:458,31,1,0
BRDA:458,31,2,0
BRDA:481,32,0,0
BRDA:481,32,1,0
BRDA:481,33,0,0
BRDA:481,33,1,0
BRDA:485,34,0,0
BRDA:485,34,1,0
BRDA:485,35,0,0
BRDA:485,35,1,0
BRDA:490,36,0,0
BRDA:490,36,1,0
BRDA:502,37,0,0
BRDA:509,38,0,0
BRDA:509,38,1,0
BRDA:511,39,0,0
BRDA:511,39,1,0
BRDA:524,40,0,0
BRDA:524,40,1,1
BRDA:524,41,0,1
BRDA:524,41,1,1
BRDA:187,42,0,1
BRDA:187,42,1,0
BRDA:187,43,0,1
BRDA:187,43,1,1
BRDA:88,44,0,1
BRDA:88,44,1,0
BRDA:88,45,0,1
BRDA:88,45,1,1
BRDA:88,46,0,1
BRDA:88,46,1,0
BRDA:88,47,0,1
BRDA:88,47,1,1
BRDA:89,48,0,1
BRDA:89,48,1,0
BRDA:89,49,0,1
BRDA:89,49,1,1
BRF:101
BRH:34
end_of_record
TN:
SF:src\users\users.service.ts
FN:35,(anonymous_11)
FN:41,(anonymous_12)
FN:59,(anonymous_13)
FN:100,(anonymous_14)
FN:118,(anonymous_15)
FN:128,(anonymous_16)
FN:144,(anonymous_17)
FN:153,(anonymous_18)
FN:157,(anonymous_19)
FN:195,(anonymous_20)
FN:206,(anonymous_21)
FN:229,(anonymous_22)
FN:243,(anonymous_23)
FN:264,(anonymous_24)
FN:284,(anonymous_25)
FN:288,(anonymous_26)
FN:302,(anonymous_27)
FN:326,(anonymous_28)
FN:344,(anonymous_29)
FN:358,(anonymous_30)
FNF:20
FNH:10
FNDA:3,(anonymous_11)
FNDA:1,(anonymous_12)
FNDA:1,(anonymous_13)
FNDA:0,(anonymous_14)
FNDA:0,(anonymous_15)
FNDA:1,(anonymous_16)
FNDA:0,(anonymous_17)
FNDA:0,(anonymous_18)
FNDA:1,(anonymous_19)
FNDA:1,(anonymous_20)
FNDA:0,(anonymous_21)
FNDA:0,(anonymous_22)
FNDA:0,(anonymous_23)
FNDA:0,(anonymous_24)
FNDA:0,(anonymous_25)
FNDA:1,(anonymous_26)
FNDA:0,(anonymous_27)
FNDA:1,(anonymous_28)
FNDA:2,(anonymous_29)
FNDA:2,(anonymous_30)
DA:1,1
DA:7,1
DA:8,1
DA:9,1
DA:10,1
DA:11,1
DA:14,1
DA:16,1
DA:18,1
DA:28,1
DA:29,1
DA:32,1
DA:33,3
DA:36,3
DA:37,3
DA:38,3
DA:48,1
DA:50,1
DA:68,1
DA:69,1
DA:80,0
DA:81,0
DA:84,0
DA:87,1
DA:89,1
DA:90,1
DA:97,1
DA:101,0
DA:102,0
DA:103,0
DA:104,0
DA:106,0
DA:117,0
DA:118,0
DA:129,1
DA:137,1
DA:138,1
DA:141,0
DA:145,0
DA:154,0
DA:165,1
DA:166,1
DA:168,1
DA:182,1
DA:184,1
DA:185,1
DA:192,1
DA:203,1
DA:210,0
DA:218,0
DA:219,0
DA:222,0
DA:223,0
DA:226,0
DA:230,0
DA:232,0
DA:240,0
DA:244,0
DA:248,0
DA:249,0
DA:252,0
DA:259,0
DA:261,0
DA:265,0
DA:281,0
DA:284,0
DA:289,1
DA:297,1
DA:298,0
DA:303,0
DA:304,0
DA:307,0
DA:333,1
DA:334,0
DA:337,1
DA:347,2
DA:359,2
DA:360,2
DA:365,0
LF:79
LH:42
BRDA:74,0,0,1
BRDA:74,0,1,1
BRDA:75,1,0,1
BRDA:75,1,1,1
BRDA:80,2,0,0
BRDA:80,2,1,0
BRDA:80,3,0,0
BRDA:80,3,1,0
BRDA:101,4,0,0
BRDA:101,4,1,0
BRDA:102,5,0,0
BRDA:102,5,1,0
BRDA:123,6,0,0
BRDA:123,6,1,0
BRDA:137,7,0,1
BRDA:137,7,1,0
BRDA:171,8,0,1
BRDA:171,8,1,0
BRDA:174,9,0,0
BRDA:174,9,1,1
BRDA:175,10,0,0
BRDA:175,10,1,1
BRDA:218,11,0,0
BRDA:218,11,1,0
BRDA:222,12,0,0
BRDA:222,12,1,0
BRDA:222,13,0,0
BRDA:222,13,1,0
BRDA:248,14,0,0
BRDA:248,14,1,0
BRDA:297,15,0,0
BRDA:297,15,1,1
BRDA:303,16,0,0
BRDA:303,16,1,0
BRDA:333,17,0,0
BRDA:333,17,1,1
BRDA:338,18,0,1
BRDA:338,18,1,0
BRDA:367,19,0,0
BRDA:367,19,1,0
BRDA:36,20,0,1
BRDA:36,20,1,0
BRDA:36,21,0,1
BRDA:36,21,1,1
BRDA:36,22,0,1
BRDA:36,22,1,0
BRDA:36,23,0,1
BRDA:36,23,1,1
BRDA:37,24,0,1
BRDA:37,24,1,0
BRDA:37,25,0,1
BRDA:37,25,1,1
BRF:52
BRH:20
end_of_record
